[debug] [2022-02-01T07:44:13.920Z] ----------------------------------------------------------------------
[debug] [2022-02-01T07:44:13.922Z] Command:       /Users/ren/.nodebrew/node/v16.13.2/bin/node /Users/ren/.nodebrew/current/bin/firebase emulators:start
[debug] [2022-02-01T07:44:13.923Z] CLI Version:   10.1.3
[debug] [2022-02-01T07:44:13.923Z] Platform:      darwin
[debug] [2022-02-01T07:44:13.923Z] Node Version:  v16.13.2
[debug] [2022-02-01T07:44:13.924Z] Time:          Tue Feb 01 2022 16:44:13 GMT+0900 (日本標準時)
[debug] [2022-02-01T07:44:13.925Z] ----------------------------------------------------------------------
[debug] 
[debug] [2022-02-01T07:44:14.029Z] > command requires scopes: ["email","openid","https://www.googleapis.com/auth/cloudplatformprojects.readonly","https://www.googleapis.com/auth/firebase","https://www.googleapis.com/auth/cloud-platform"]
[debug] [2022-02-01T07:44:14.030Z] > authorizing via signed-in user (drrr0502@gmail.com)
[info] i  emulators: Starting emulators: auth, firestore, hosting, storage {"metadata":{"emulator":{"name":"hub"},"message":"Starting emulators: auth, firestore, hosting, storage"}}
[debug] [2022-02-01T07:44:14.076Z] [hub] writing locator at /var/folders/19/b3y5swk53mzbj1vjsrhwvzp00000gn/T/hub-page-3cfba.json
[debug] [2022-02-01T07:44:14.702Z] Ignoring unsupported arg: projectId {"metadata":{"emulator":{"name":"firestore"},"message":"Ignoring unsupported arg: projectId"}}
[debug] [2022-02-01T07:44:14.704Z] Ignoring unsupported arg: auto_download {"metadata":{"emulator":{"name":"firestore"},"message":"Ignoring unsupported arg: auto_download"}}
[debug] [2022-02-01T07:44:14.706Z] Starting Firestore Emulator with command {"binary":"java","args":["-Dgoogle.cloud_firestore.debug_log_level=FINE","-Duser.language=en","-jar","/Users/ren/.cache/firebase/emulators/cloud-firestore-emulator-v1.13.1.jar","--host","localhost","--port",8080,"--rules","/Users/ren/myjlab/2022_page/firestore.rules"],"optionalArgs":["port","webchannel_port","host","rules","functions_emulator","seed_from_export"],"joinArgs":false} {"metadata":{"emulator":{"name":"firestore"},"message":"Starting Firestore Emulator with command {\"binary\":\"java\",\"args\":[\"-Dgoogle.cloud_firestore.debug_log_level=FINE\",\"-Duser.language=en\",\"-jar\",\"/Users/ren/.cache/firebase/emulators/cloud-firestore-emulator-v1.13.1.jar\",\"--host\",\"localhost\",\"--port\",8080,\"--rules\",\"/Users/ren/myjlab/2022_page/firestore.rules\"],\"optionalArgs\":[\"port\",\"webchannel_port\",\"host\",\"rules\",\"functions_emulator\",\"seed_from_export\"],\"joinArgs\":false}"}}
[info] i  firestore: Firestore Emulator logging to firestore-debug.log {"metadata":{"emulator":{"name":"firestore"},"message":"Firestore Emulator logging to \u001b[1mfirestore-debug.log\u001b[22m"}}
[debug] [2022-02-01T07:44:16.248Z] Feb 01, 2022 4:44:16 PM com.google.cloud.datastore.emulator.firestore.websocket.WebSocketServer start
INFO: Started WebSocket server on ws://localhost:50722
 {"metadata":{"emulator":{"name":"firestore"},"message":"Feb 01, 2022 4:44:16 PM com.google.cloud.datastore.emulator.firestore.websocket.WebSocketServer start\nINFO: Started WebSocket server on ws://localhost:50722\n"}}
[debug] [2022-02-01T07:44:16.266Z] API endpoint: http://localhost {"metadata":{"emulator":{"name":"firestore"},"message":"API endpoint: http://localhost"}}
[debug] [2022-02-01T07:44:16.270Z] :8080
If you are using a library that supports the FIRESTORE_EMULATOR_HOST environment variable, run:

   export FIRESTORE_EMULATOR_HOST=localhost:8080

Dev App Server is now running.

 {"metadata":{"emulator":{"name":"firestore"},"message":":8080\nIf you are using a library that supports the FIRESTORE_EMULATOR_HOST environment variable, run:\n\n   export FIRESTORE_EMULATOR_HOST=localhost:8080\n\nDev App Server is now running.\n\n"}}
[debug] [2022-02-01T07:44:21.812Z] Ignoring unsupported arg: port {"metadata":{"emulator":{"name":"storage"},"message":"Ignoring unsupported arg: port"}}
[debug] [2022-02-01T07:44:22.227Z] Temp file directory for storage emulator: /var/folders/19/b3y5swk53mzbj1vjsrhwvzp00000gn/T/firebase/storage/blobs {"metadata":{"emulator":{"name":"storage"},"message":"Temp file directory for storage emulator: /var/folders/19/b3y5swk53mzbj1vjsrhwvzp00000gn/T/firebase/storage/blobs"}}
[debug] [2022-02-01T07:44:23.182Z] > refreshing access token with scopes: []
[debug] [2022-02-01T07:44:23.185Z] >>> HTTP REQUEST POST https://www.googleapis.com/oauth2/v3/token  
 <request body omitted>
[debug] [2022-02-01T07:44:24.834Z] <<< HTTP RESPONSE 200 {"pragma":"no-cache","cache-control":"no-cache, no-store, max-age=0, must-revalidate","date":"Tue, 01 Feb 2022 07:44:24 GMT","expires":"Mon, 01 Jan 1990 00:00:00 GMT","content-type":"application/json; charset=utf-8","vary":"X-Origin, Referer, Origin,Accept-Encoding","server":"scaffolding on HTTPServer2","x-xss-protection":"0","x-frame-options":"SAMEORIGIN","x-content-type-options":"nosniff","alt-svc":"h3=\":443\"; ma=2592000,h3-29=\":443\"; ma=2592000,h3-Q050=\":443\"; ma=2592000,h3-Q046=\":443\"; ma=2592000,h3-Q043=\":443\"; ma=2592000,quic=\":443\"; ma=2592000; v=\"46,43\"","accept-ranges":"none","transfer-encoding":"chunked"}
[debug] [2022-02-01T07:44:24.906Z] >>> [apiv2][query] GET https://firebasehosting.googleapis.com/v1beta1/projects/page-3cfba/sites 
[debug] [2022-02-01T07:44:27.197Z] <<< [apiv2][status] GET https://firebasehosting.googleapis.com/v1beta1/projects/page-3cfba/sites 200
[debug] [2022-02-01T07:44:27.204Z] <<< [apiv2][body] GET https://firebasehosting.googleapis.com/v1beta1/projects/page-3cfba/sites {"sites":[{"name":"projects/943661429078/sites/page-3cfba","defaultUrl":"https://page-3cfba.web.app","appId":"1:943661429078:web:377a66cbb5f2c86f0b26f7","type":"DEFAULT_SITE"}]}
[debug] [2022-02-01T07:44:27.205Z] >>> [apiv2][query] GET https://firebase.googleapis.com/v1beta1/projects/page-3cfba/webApps/1:943661429078:web:377a66cbb5f2c86f0b26f7/config [none]
[debug] [2022-02-01T07:44:29.746Z] <<< [apiv2][status] GET https://firebase.googleapis.com/v1beta1/projects/page-3cfba/webApps/1:943661429078:web:377a66cbb5f2c86f0b26f7/config 200
[debug] [2022-02-01T07:44:29.748Z] <<< [apiv2][body] GET https://firebase.googleapis.com/v1beta1/projects/page-3cfba/webApps/1:943661429078:web:377a66cbb5f2c86f0b26f7/config {"projectId":"page-3cfba","appId":"1:943661429078:web:377a66cbb5f2c86f0b26f7","storageBucket":"page-3cfba.appspot.com","locationId":"asia-northeast1","apiKey":"AIzaSyDVKk5IdZJ61Zee4YH8BamPtHjNWHs-Hig","authDomain":"page-3cfba.firebaseapp.com","messagingSenderId":"943661429078","measurementId":"G-J900DPY3R0"}
[info] i  hosting: Serving hosting files from: dist {"metadata":{"emulator":{"name":"hosting"},"message":"Serving hosting files from: \u001b[1mdist\u001b[22m"}}
[info] ✔  hosting: Local server: http://localhost:5000 {"metadata":{"emulator":{"name":"hosting"},"message":"Local server: \u001b[4m\u001b[1mhttp://localhost:5000\u001b[22m\u001b[24m"}}
[debug] [2022-02-01T07:44:29.834Z] Ignoring unsupported arg: auto_download {"metadata":{"emulator":{"name":"ui"},"message":"Ignoring unsupported arg: auto_download"}}
[debug] [2022-02-01T07:44:29.835Z] Ignoring unsupported arg: port {"metadata":{"emulator":{"name":"ui"},"message":"Ignoring unsupported arg: port"}}
[debug] [2022-02-01T07:44:29.835Z] Starting Emulator UI with command {"binary":"node","args":["/Users/ren/.cache/firebase/emulators/ui-v1.6.4/server.bundle.js"],"optionalArgs":[],"joinArgs":false} {"metadata":{"emulator":{"name":"ui"},"message":"Starting Emulator UI with command {\"binary\":\"node\",\"args\":[\"/Users/ren/.cache/firebase/emulators/ui-v1.6.4/server.bundle.js\"],\"optionalArgs\":[],\"joinArgs\":false}"}}
[info] i  ui: Emulator UI logging to ui-debug.log {"metadata":{"emulator":{"name":"ui"},"message":"Emulator UI logging to \u001b[1mui-debug.log\u001b[22m"}}
[debug] [2022-02-01T07:44:29.996Z] Web / API server started at localhost:8888
 {"metadata":{"emulator":{"name":"ui"},"message":"Web / API server started at localhost:8888\n"}}
[info] 
┌─────────────────────────────────────────────────────────────┐
│ ✔  All emulators ready! It is now safe to connect your app. │
│ i  View Emulator UI at http://localhost:8888                │
└─────────────────────────────────────────────────────────────┘

┌────────────────┬────────────────┬─────────────────────────────────┐
│ Emulator       │ Host:Port      │ View in Emulator UI             │
├────────────────┼────────────────┼─────────────────────────────────┤
│ Authentication │ localhost:9099 │ http://localhost:8888/auth      │
├────────────────┼────────────────┼─────────────────────────────────┤
│ Firestore      │ localhost:8080 │ http://localhost:8888/firestore │
├────────────────┼────────────────┼─────────────────────────────────┤
│ Hosting        │ localhost:5000 │ n/a                             │
├────────────────┼────────────────┼─────────────────────────────────┤
│ Storage        │ localhost:9199 │ http://localhost:8888/storage   │
└────────────────┴────────────────┴─────────────────────────────────┘
  Emulator Hub running at localhost:4400
  Other reserved ports: 4500

Issues? Report them at https://github.com/firebase/firebase-tools/issues and attach the *-debug.log files.
 
[debug] [2022-02-01T07:44:39.200Z] Feb 01, 2022 4:44:39 PM io.gapi.emulators.netty.HttpVersionRoutingHandler channelRead
INFO: Detected non-HTTP/2 connection.
 {"metadata":{"emulator":{"name":"firestore"},"message":"Feb 01, 2022 4:44:39 PM io.gapi.emulators.netty.HttpVersionRoutingHandler channelRead\nINFO: Detected non-HTTP/2 connection.\n"}}
[debug] [2022-02-01T07:44:39.258Z] Feb 01, 2022 4:44:39 PM com.google.cloud.datastore.emulator.firestore.websocket.WebSocketChannelHandler initChannel
INFO: Connected to new websocket client
 {"metadata":{"emulator":{"name":"firestore"},"message":"Feb 01, 2022 4:44:39 PM com.google.cloud.datastore.emulator.firestore.websocket.WebSocketChannelHandler initChannel\nINFO: Connected to new websocket client\n"}}
[debug] [2022-02-01T07:44:39.682Z] Feb 01, 2022 4:44:39 PM com.google.cloud.datastore.emulator.firestore.websocket.WebSocketChannelHandler channelClosed
INFO: Websocket client disconnected
 {"metadata":{"emulator":{"name":"firestore"},"message":"Feb 01, 2022 4:44:39 PM com.google.cloud.datastore.emulator.firestore.websocket.WebSocketChannelHandler channelClosed\nINFO: Websocket client disconnected\n"}}
[debug] [2022-02-01T07:44:39.905Z] Feb 01, 2022 4:44:39 PM io.gapi.emulators.netty.HttpVersionRoutingHandler channelRead
INFO: Detected non-HTTP/2 connection.
 {"metadata":{"emulator":{"name":"firestore"},"message":"Feb 01, 2022 4:44:39 PM io.gapi.emulators.netty.HttpVersionRoutingHandler channelRead\nINFO: Detected non-HTTP/2 connection.\n"}}
[debug] [2022-02-01T07:44:39.946Z] Feb 01, 2022 4:44:39 PM com.google.cloud.datastore.emulator.firestore.websocket.WebSocketChannelHandler initChannel
INFO: Connected to new websocket client
 {"metadata":{"emulator":{"name":"firestore"},"message":"Feb 01, 2022 4:44:39 PM com.google.cloud.datastore.emulator.firestore.websocket.WebSocketChannelHandler initChannel\nINFO: Connected to new websocket client\n"}}
[debug] [2022-02-01T07:44:41.492Z] Feb 01, 2022 4:44:41 PM com.google.cloud.datastore.emulator.firestore.websocket.WebSocketChannelHandler channelClosed
INFO: Websocket client disconnected
 {"metadata":{"emulator":{"name":"firestore"},"message":"Feb 01, 2022 4:44:41 PM com.google.cloud.datastore.emulator.firestore.websocket.WebSocketChannelHandler channelClosed\nINFO: Websocket client disconnected\n"}}
[debug] [2022-02-01T07:44:41.616Z] Feb 01, 2022 4:44:41 PM io.gapi.emulators.netty.HttpVersionRoutingHandler channelRead
INFO: Detected non-HTTP/2 connection.
 {"metadata":{"emulator":{"name":"firestore"},"message":"Feb 01, 2022 4:44:41 PM io.gapi.emulators.netty.HttpVersionRoutingHandler channelRead\nINFO: Detected non-HTTP/2 connection.\n"}}
[debug] [2022-02-01T07:44:41.630Z] Feb 01, 2022 4:44:41 PM com.google.cloud.datastore.emulator.firestore.websocket.WebSocketChannelHandler initChannel
INFO: Connected to new websocket client
 {"metadata":{"emulator":{"name":"firestore"},"message":"Feb 01, 2022 4:44:41 PM com.google.cloud.datastore.emulator.firestore.websocket.WebSocketChannelHandler initChannel\nINFO: Connected to new websocket client\n"}}
[debug] [2022-02-01T07:44:45.638Z] Feb 01, 2022 4:44:45 PM io.gapi.emulators.netty.HttpVersionRoutingHandler channelRead
INFO: Detected non-HTTP/2 connection.
 {"metadata":{"emulator":{"name":"firestore"},"message":"Feb 01, 2022 4:44:45 PM io.gapi.emulators.netty.HttpVersionRoutingHandler channelRead\nINFO: Detected non-HTTP/2 connection.\n"}}
[info] i  hosting: 127.0.0.1 - - [01/Feb/2022:07:44:47 +0000] "GET / HTTP/1.1" 200 644 "http://localhost:8888/" "Mozilla/5.0 (Macintosh; Intel Mac OS X 10_15_7) AppleWebKit/537.36 (KHTML, like Gecko) Chrome/97.0.4692.99 Safari/537.36" {"metadata":{"emulator":{"name":"hosting"},"message":"127.0.0.1 - - [01/Feb/2022:07:44:47 +0000] \"GET / HTTP/1.1\" 200 644 \"http://localhost:8888/\" \"Mozilla/5.0 (Macintosh; Intel Mac OS X 10_15_7) AppleWebKit/537.36 (KHTML, like Gecko) Chrome/97.0.4692.99 Safari/537.36\""}}
[info] i  hosting: 127.0.0.1 - - [01/Feb/2022:07:44:47 +0000] "GET /static/css/main.073c9b0a.css HTTP/1.1" 200 1044 "http://localhost:5000/" "Mozilla/5.0 (Macintosh; Intel Mac OS X 10_15_7) AppleWebKit/537.36 (KHTML, like Gecko) Chrome/97.0.4692.99 Safari/537.36" {"metadata":{"emulator":{"name":"hosting"},"message":"127.0.0.1 - - [01/Feb/2022:07:44:47 +0000] \"GET /static/css/main.073c9b0a.css HTTP/1.1\" 200 1044 \"http://localhost:5000/\" \"Mozilla/5.0 (Macintosh; Intel Mac OS X 10_15_7) AppleWebKit/537.36 (KHTML, like Gecko) Chrome/97.0.4692.99 Safari/537.36\""}}
[info] i  hosting: 127.0.0.1 - - [01/Feb/2022:07:44:47 +0000] "GET /static/js/main.596d5818.js HTTP/1.1" 200 134010 "http://localhost:5000/" "Mozilla/5.0 (Macintosh; Intel Mac OS X 10_15_7) AppleWebKit/537.36 (KHTML, like Gecko) Chrome/97.0.4692.99 Safari/537.36" {"metadata":{"emulator":{"name":"hosting"},"message":"127.0.0.1 - - [01/Feb/2022:07:44:47 +0000] \"GET /static/js/main.596d5818.js HTTP/1.1\" 200 134010 \"http://localhost:5000/\" \"Mozilla/5.0 (Macintosh; Intel Mac OS X 10_15_7) AppleWebKit/537.36 (KHTML, like Gecko) Chrome/97.0.4692.99 Safari/537.36\""}}
[info] i  hosting: 127.0.0.1 - - [01/Feb/2022:07:44:47 +0000] "GET /static/media/logo.6ce24c58023cc2f8fd88fe9d219db6c6.svg HTTP/1.1" 200 2632 "http://localhost:5000/" "Mozilla/5.0 (Macintosh; Intel Mac OS X 10_15_7) AppleWebKit/537.36 (KHTML, like Gecko) Chrome/97.0.4692.99 Safari/537.36" {"metadata":{"emulator":{"name":"hosting"},"message":"127.0.0.1 - - [01/Feb/2022:07:44:47 +0000] \"GET /static/media/logo.6ce24c58023cc2f8fd88fe9d219db6c6.svg HTTP/1.1\" 200 2632 \"http://localhost:5000/\" \"Mozilla/5.0 (Macintosh; Intel Mac OS X 10_15_7) AppleWebKit/537.36 (KHTML, like Gecko) Chrome/97.0.4692.99 Safari/537.36\""}}
[info] i  hosting: 127.0.0.1 - - [01/Feb/2022:07:44:47 +0000] "GET /favicon.ico HTTP/1.1" 200 3870 "http://localhost:5000/" "Mozilla/5.0 (Macintosh; Intel Mac OS X 10_15_7) AppleWebKit/537.36 (KHTML, like Gecko) Chrome/97.0.4692.99 Safari/537.36" {"metadata":{"emulator":{"name":"hosting"},"message":"127.0.0.1 - - [01/Feb/2022:07:44:47 +0000] \"GET /favicon.ico HTTP/1.1\" 200 3870 \"http://localhost:5000/\" \"Mozilla/5.0 (Macintosh; Intel Mac OS X 10_15_7) AppleWebKit/537.36 (KHTML, like Gecko) Chrome/97.0.4692.99 Safari/537.36\""}}
[info] i  hosting: 127.0.0.1 - - [01/Feb/2022:07:44:47 +0000] "GET /manifest.json HTTP/1.1" 200 492 "http://localhost:5000/" "Mozilla/5.0 (Macintosh; Intel Mac OS X 10_15_7) AppleWebKit/537.36 (KHTML, like Gecko) Chrome/97.0.4692.99 Safari/537.36" {"metadata":{"emulator":{"name":"hosting"},"message":"127.0.0.1 - - [01/Feb/2022:07:44:47 +0000] \"GET /manifest.json HTTP/1.1\" 200 492 \"http://localhost:5000/\" \"Mozilla/5.0 (Macintosh; Intel Mac OS X 10_15_7) AppleWebKit/537.36 (KHTML, like Gecko) Chrome/97.0.4692.99 Safari/537.36\""}}
[info] i  hosting: 127.0.0.1 - - [01/Feb/2022:07:44:47 +0000] "GET /logo192.png HTTP/1.1" 200 5347 "http://localhost:5000/" "Mozilla/5.0 (Macintosh; Intel Mac OS X 10_15_7) AppleWebKit/537.36 (KHTML, like Gecko) Chrome/97.0.4692.99 Safari/537.36" {"metadata":{"emulator":{"name":"hosting"},"message":"127.0.0.1 - - [01/Feb/2022:07:44:47 +0000] \"GET /logo192.png HTTP/1.1\" 200 5347 \"http://localhost:5000/\" \"Mozilla/5.0 (Macintosh; Intel Mac OS X 10_15_7) AppleWebKit/537.36 (KHTML, like Gecko) Chrome/97.0.4692.99 Safari/537.36\""}}
